<?xml version="1.0" encoding="UTF-8"?>
<coverage generated="1660726189025" clover="3.2.0">
  <project timestamp="1660726189025" name="All files">
    <metrics statements="21" coveredstatements="17" conditionals="0" coveredconditionals="0" methods="8" coveredmethods="8" elements="29" coveredelements="25" complexity="0" loc="21" ncloc="21" packages="2" files="2" classes="2"/>
    <package name="abis">
      <metrics statements="1" coveredstatements="1" conditionals="0" coveredconditionals="0" methods="0" coveredmethods="0"/>
      <file name="abiERC20.ts" path="D:\02_Project\My_Project\wallet-library\src\abis\abiERC20.ts">
        <metrics statements="1" coveredstatements="1" conditionals="0" coveredconditionals="0" methods="0" coveredmethods="0"/>
        <line num="2" count="1" type="stmt"/>
      </file>
    </package>
    <package name="assets.standards">
      <metrics statements="20" coveredstatements="16" conditionals="0" coveredconditionals="0" methods="8" coveredmethods="8"/>
      <file name="ERC20Standard.ts" path="D:\02_Project\My_Project\wallet-library\src\assets\standards\ERC20Standard.ts">
        <metrics statements="20" coveredstatements="16" conditionals="0" coveredconditionals="0" methods="8" coveredmethods="8"/>
        <line num="3" count="1" type="stmt"/>
        <line num="5" count="1" type="stmt"/>
        <line num="9" count="1" type="stmt"/>
        <line num="18" count="1" type="stmt"/>
        <line num="19" count="1" type="stmt"/>
        <line num="20" count="1" type="stmt"/>
        <line num="21" count="1" type="stmt"/>
        <line num="22" count="1" type="stmt"/>
        <line num="26" count="1" type="stmt"/>
        <line num="29" count="0" type="stmt"/>
        <line num="30" count="0" type="stmt"/>
        <line num="41" count="1" type="stmt"/>
        <line num="42" count="1" type="stmt"/>
        <line num="43" count="1" type="stmt"/>
        <line num="44" count="1" type="stmt"/>
        <line num="45" count="1" type="stmt"/>
        <line num="49" count="1" type="stmt"/>
        <line num="52" count="0" type="stmt"/>
        <line num="53" count="0" type="stmt"/>
        <line num="57" count="1" type="stmt"/>
      </file>
    </package>
  </project>
</coverage>
