{"D:\\02_Project\\My_Project\\wallet-library\\src\\abis\\abiERC20.ts": {"path":"D:\\02_Project\\My_Project\\wallet-library\\src\\abis\\abiERC20.ts","statementMap":{"0":{"start":{"line":2,"column":13},"end":{"line":273,"column":2}}},"fnMap":{},"branchMap":{},"s":{"0":1},"f":{},"b":{}}
,"D:\\02_Project\\My_Project\\wallet-library\\src\\assets\\standards\\ERC20Standard.ts": {"path":"D:\\02_Project\\My_Project\\wallet-library\\src\\assets\\standards\\ERC20Standard.ts","statementMap":{"0":{"start":{"line":3,"column":0},"end":{"line":3,"column":47}},"1":{"start":{"line":5,"column":0},"end":{"line":5,"column":13}},"2":{"start":{"line":9,"column":2},"end":{"line":9,"column":19}},"3":{"start":{"line":18,"column":7},"end":{"line":33,"column":null}},"4":{"start":{"line":19,"column":8},"end":{"line":19,"column":73}},"5":{"start":{"line":20,"column":2},"end":{"line":32,"column":5}},"6":{"start":{"line":21,"column":3},"end":{"line":31,"column":null}},"7":{"start":{"line":22,"column":4},"end":{"line":27,"column":8}},"8":{"start":{"line":26,"column":6},"end":{"line":26,"column":22}},"9":{"start":{"line":29,"column":4},"end":{"line":29,"column":18}},"10":{"start":{"line":30,"column":4},"end":{"line":30,"column":11}},"11":{"start":{"line":41,"column":7},"end":{"line":56,"column":null}},"12":{"start":{"line":42,"column":8},"end":{"line":42,"column":65}},"13":{"start":{"line":43,"column":2},"end":{"line":55,"column":5}},"14":{"start":{"line":44,"column":3},"end":{"line":54,"column":null}},"15":{"start":{"line":45,"column":4},"end":{"line":50,"column":8}},"16":{"start":{"line":49,"column":6},"end":{"line":49,"column":22}},"17":{"start":{"line":52,"column":4},"end":{"line":52,"column":18}},"18":{"start":{"line":53,"column":4},"end":{"line":53,"column":11}},"19":{"start":{"line":57,"column":0},"end":{"line":57,"column":null}},"20":{"start":{"line":5,"column":13},"end":{"line":5,"column":26}}},"fnMap":{"0":{"name":"(anonymous_13)","decl":{"start":{"line":5,"column":0},"end":{"line":5,"column":13}},"loc":{"start":{"line":5,"column":0},"end":{"line":57,"column":null}}},"1":{"name":"ERC20Standard","decl":{"start":{"line":8,"column":1},"end":{"line":8,"column":13}},"loc":{"start":{"line":8,"column":23},"end":{"line":10,"column":2}}},"2":{"name":"(anonymous_15)","decl":{"start":{"line":18,"column":1},"end":{"line":18,"column":7}},"loc":{"start":{"line":18,"column":68},"end":{"line":33,"column":null}}},"3":{"name":"(anonymous_18)","decl":{"start":{"line":20,"column":25},"end":{"line":20,"column":26}},"loc":{"start":{"line":20,"column":41},"end":{"line":32,"column":3}}},"4":{"name":"(anonymous_19)","decl":{"start":{"line":25,"column":11},"end":{"line":25,"column":12}},"loc":{"start":{"line":25,"column":22},"end":{"line":27,"column":6}}},"5":{"name":"(anonymous_20)","decl":{"start":{"line":41,"column":1},"end":{"line":41,"column":7}},"loc":{"start":{"line":41,"column":37},"end":{"line":56,"column":null}}},"6":{"name":"(anonymous_23)","decl":{"start":{"line":43,"column":29},"end":{"line":43,"column":30}},"loc":{"start":{"line":43,"column":45},"end":{"line":55,"column":3}}},"7":{"name":"(anonymous_24)","decl":{"start":{"line":48,"column":11},"end":{"line":48,"column":12}},"loc":{"start":{"line":48,"column":26},"end":{"line":50,"column":6}}}},"branchMap":{},"s":{"0":1,"1":1,"2":1,"3":1,"4":1,"5":1,"6":1,"7":1,"8":1,"9":0,"10":0,"11":1,"12":1,"13":1,"14":1,"15":1,"16":1,"17":0,"18":0,"19":1,"20":1},"f":{"0":1,"1":1,"2":1,"3":1,"4":1,"5":1,"6":1,"7":1},"b":{}}
}
