TN:
SF:src\abis\abiERC20.ts
FNF:0
FNH:0
DA:2,1
LF:1
LH:1
BRF:0
BRH:0
end_of_record
TN:
SF:src\assets\standards\ERC20Standard.ts
FN:5,(anonymous_13)
FN:8,ERC20Standard
FN:18,(anonymous_15)
FN:20,(anonymous_18)
FN:25,(anonymous_19)
FN:41,(anonymous_20)
FN:43,(anonymous_23)
FN:48,(anonymous_24)
FNF:8
FNH:8
FNDA:1,(anonymous_13)
FNDA:1,ERC20Standard
FNDA:1,(anonymous_15)
FNDA:1,(anonymous_18)
FNDA:1,(anonymous_19)
FNDA:1,(anonymous_20)
FNDA:1,(anonymous_23)
FNDA:1,(anonymous_24)
DA:3,1
DA:5,1
DA:9,1
DA:18,1
DA:19,1
DA:20,1
DA:21,1
DA:22,1
DA:26,1
DA:29,0
DA:30,0
DA:41,1
DA:42,1
DA:43,1
DA:44,1
DA:45,1
DA:49,1
DA:52,0
DA:53,0
DA:57,1
LF:20
LH:16
BRF:0
BRH:0
end_of_record
